2024-11-01 23:30:13,678 - __main__ - INFO - (UTC Time) | Время наступило.
2024-11-01 23:30:14,080 - __main__ - INFO - (UTC Time) | Сообщение с реакцией найдено, поставлен лайк.
2024-11-01 23:30:14,080 - __main__ - INFO - (UTC Time) | Остановка до следующего дня.
2024-11-01 23:30:14,080 - __main__ - INFO - (UTC Time) | Ожидание до 2024-11-04 23:20 (258585.919625 секунд).
2024-11-01 23:49:02,486 - __main__ - INFO - (UTC Time) | Время наступило.
2024-11-01 23:49:02,845 - __main__ - INFO - (UTC Time) | Сообщение с реакцией найдено, поставлен лайк.
2024-11-01 23:49:02,845 - __main__ - INFO - (UTC Time) | Остановка до следующего дня.
2024-11-01 23:49:02,845 - __main__ - INFO - (UTC Time) | Ожидание до 2024-11-04 23:20 (257457.154321 секунд).
2024-11-02 00:20:15,756 - __main__ - INFO - (UTC Time) | Время наступило.
2024-11-02 00:20:16,082 - __main__ - INFO - (UTC Time) | Сообщение с реакцией найдено, поставлен лайк.
2024-11-02 00:20:16,082 - __main__ - INFO - (UTC Time) | Остановка до следующего дня.
2024-11-02 00:20:16,082 - __main__ - INFO - (UTC Time) | Ожидание до 2024-11-03 00:10 (85783.91705 секунд).
2024-11-02 01:18:43,893 - __main__ - INFO - (UTC Time) | Время наступило.
2024-11-02 01:18:44,405 - __main__ - INFO - (UTC Time) | Сообщение с реакцией найдено, поставлен лайк.
2024-11-02 01:18:44,405 - __main__ - INFO - (UTC Time) | Остановка до следующего дня.
2024-11-02 01:18:44,405 - __main__ - INFO - (UTC Time) | Ожидание до 2024-11-03 00:10 (82275.594076 секунд).
2024-11-02 02:34:59,184 - __main__ - INFO - (UTC Time) | Еще не наступило время для работы.
2024-11-02 02:34:59,185 - __main__ - INFO - (UTC Time) | Ожидание до 2024-11-02 06:40 (14700.814996 секунд).
2024-11-02 02:57:17,020 - __main__ - INFO - (UTC Time) | Еще не наступило время для работы.
2024-11-02 02:57:17,021 - __main__ - INFO - (UTC Time) | Ожидание до 2024-11-02 06:40 (13362.979045 секунд).
